<?xml version="1.0" encoding="UTF-8"?>
<testsuite name="com.example.dms.DmsApplicationTests" tests="1" skipped="0" failures="0" errors="0" timestamp="2023-06-19T23:41:00" hostname="DESKTOP-3EKGD4O" time="0.983">
  <properties/>
  <testcase name="contextLoads()" classname="com.example.dms.DmsApplicationTests" time="0.983"/>
  <system-out><![CDATA[04:40:48.905 [Test worker] INFO org.springframework.test.context.support.AnnotationConfigContextLoaderUtils -- Could not detect default configuration classes for test class [com.example.dms.DmsApplicationTests]: DmsApplicationTests does not declare any static, non-private, non-final, nested classes annotated with @Configuration.
04:40:49.278 [Test worker] INFO org.springframework.boot.test.context.SpringBootTestContextBootstrapper -- Found @SpringBootConfiguration com.example.dms.DmsApplication for test class com.example.dms.DmsApplicationTests

  .   ____          _            __ _ _
 /\\ / ___'_ __ _ _(_)_ __  __ _ \ \ \ \
( ( )\___ | '_ | '_| | '_ \/ _` | \ \ \ \
 \\/  ___)| |_)| | | | | || (_| |  ) ) ) )
  '  |____| .__|_| |_|_| |_\__, | / / / /
 =========|_|==============|___/=/_/_/_/
 :: Spring Boot ::                (v3.1.0)

2023-06-20T04:40:50.857+05:00  INFO 22744 --- [    Test worker] com.example.dms.DmsApplicationTests      : Starting DmsApplicationTests using Java 17.0.6 with PID 22744 (started by shaik in E:\Office\Challenges\dms\dms)
2023-06-20T04:40:50.861+05:00  INFO 22744 --- [    Test worker] com.example.dms.DmsApplicationTests      : No active profile set, falling back to 1 default profile: "default"
2023-06-20T04:40:52.552+05:00  INFO 22744 --- [    Test worker] .s.d.r.c.RepositoryConfigurationDelegate : Bootstrapping Spring Data JPA repositories in DEFAULT mode.
2023-06-20T04:40:52.730+05:00  INFO 22744 --- [    Test worker] .s.d.r.c.RepositoryConfigurationDelegate : Finished Spring Data repository scanning in 149 ms. Found 1 JPA repository interfaces.
2023-06-20T04:40:53.700+05:00  INFO 22744 --- [    Test worker] o.hibernate.jpa.internal.util.LogHelper  : HHH000204: Processing PersistenceUnitInfo [name: default]
2023-06-20T04:40:53.875+05:00  INFO 22744 --- [    Test worker] org.hibernate.Version                    : HHH000412: Hibernate ORM core version 6.2.2.Final
2023-06-20T04:40:53.884+05:00  INFO 22744 --- [    Test worker] org.hibernate.cfg.Environment            : HHH000406: Using bytecode reflection optimizer
2023-06-20T04:40:54.420+05:00  INFO 22744 --- [    Test worker] o.h.b.i.BytecodeProviderInitiator        : HHH000021: Bytecode provider name : bytebuddy
2023-06-20T04:40:54.878+05:00  INFO 22744 --- [    Test worker] o.s.o.j.p.SpringPersistenceUnitInfo      : No LoadTimeWeaver setup: ignoring JPA class transformer
2023-06-20T04:40:54.945+05:00  INFO 22744 --- [    Test worker] com.zaxxer.hikari.HikariDataSource       : HikariPool-1 - Starting...
2023-06-20T04:40:55.907+05:00  INFO 22744 --- [    Test worker] com.zaxxer.hikari.pool.HikariPool        : HikariPool-1 - Added connection conn0: url=jdbc:h2:mem:testdb user=SA
2023-06-20T04:40:55.912+05:00  INFO 22744 --- [    Test worker] com.zaxxer.hikari.HikariDataSource       : HikariPool-1 - Start completed.
2023-06-20T04:40:56.034+05:00  INFO 22744 --- [    Test worker] org.hibernate.orm.dialect                : HHH035001: Using dialect: org.hibernate.dialect.H2Dialect, version: 2.1.214
2023-06-20T04:40:56.855+05:00  INFO 22744 --- [    Test worker] o.h.b.i.BytecodeProviderInitiator        : HHH000021: Bytecode provider name : bytebuddy
2023-06-20T04:40:58.332+05:00  INFO 22744 --- [    Test worker] o.h.e.t.j.p.i.JtaPlatformInitiator       : HHH000490: Using JtaPlatform implementation: [org.hibernate.engine.transaction.jta.platform.internal.NoJtaPlatform]
2023-06-20T04:40:58.424+05:00  INFO 22744 --- [    Test worker] o.h.t.s.i.e.GenerationTargetToDatabase   : HHH000476: Executing script '[injected ScriptSourceInputNonExistentImpl script]'
2023-06-20T04:40:58.428+05:00  INFO 22744 --- [    Test worker] j.LocalContainerEntityManagerFactoryBean : Initialized JPA EntityManagerFactory for persistence unit 'default'
2023-06-20T04:40:59.601+05:00  WARN 22744 --- [    Test worker] JpaBaseConfiguration$JpaWebConfiguration : spring.jpa.open-in-view is enabled by default. Therefore, database queries may be performed during view rendering. Explicitly configure spring.jpa.open-in-view to disable this warning
2023-06-20T04:41:00.437+05:00  INFO 22744 --- [    Test worker] o.s.b.a.h2.H2ConsoleAutoConfiguration    : H2 console available at '/h2-console'. Database available at 'jdbc:h2:mem:testdb'
2023-06-20T04:41:00.566+05:00  INFO 22744 --- [    Test worker] com.example.dms.DmsApplicationTests      : Started DmsApplicationTests in 10.679 seconds (process running for 15.169)
]]></system-out>
  <system-err><![CDATA[[2023.06.20 04:40:49] (Coverage): Error during class instrumentation: org.springframework.boot.logging.log4j2.Log4J2LoggingSystem: java.lang.RuntimeException: java.io.IOException: Class org/apache/logging/log4j/core/config/composite/CompositeConfiguration not found
[2023.06.20 04:40:52] (Coverage): Error during class instrumentation: org.springframework.web.servlet.config.annotation.WebMvcConfigurationSupport: java.lang.RuntimeException: java.io.IOException: Class jakarta/validation/ValidatorFactory not found
]]></system-err>
</testsuite>
